deit_small
    Namespace(model='deit_small', dataset='data/ImageNet', nb_classes=1000, device='cuda', print_freq=50, seed=0, output_dir='results/', calib_batchsize=32, val_batchsize=128, num_workers=8, intsoftmax_exp_n=15, intgelu_exp_n=29)
    Model: deit_small_patch16_224
    IntSoftmax | n:  15
    IntGELU    | n:  29
    IntSoftmax | n:  15
    IntGELU    | n:  29
    IntSoftmax | n:  15
    IntGELU    | n:  29
    IntSoftmax | n:  15
    IntGELU    | n:  29
    IntSoftmax | n:  15
    IntGELU    | n:  29
    IntSoftmax | n:  15
    IntGELU    | n:  29
    IntSoftmax | n:  15
    IntGELU    | n:  29
    IntSoftmax | n:  15
    IntGELU    | n:  29
    IntSoftmax | n:  15
    IntGELU    | n:  29
    IntSoftmax | n:  15
    IntGELU    | n:  29
    IntSoftmax | n:  15
    IntGELU    | n:  29
    IntSoftmax | n:  15
    IntGELU    | n:  29
        Number of QuantLinear: 49
        Number of QuantConv2d: 1
        Number of QuantAct: 137
        Number of IntLayerNorm: 25
        Number of IntGELU: 12
        Number of IntSoftmax: 12
        Number of Log2_2x_Quantizer: 12
        Number of QuantMatMul: 24
    ................................................................calib done
    Test: [  0/391] Time  3.138 ( 3.138)    Acc@1  90.62 ( 90.62)   Acc@5  98.44 ( 98.44)
    Test: [ 50/391] Time  1.025 ( 1.066)    Acc@1  95.31 ( 83.18)   Acc@5  99.22 ( 95.63)
    Test: [100/391] Time  1.027 ( 1.046)    Acc@1  86.72 ( 81.75)   Acc@5  96.88 ( 95.91)
    Test: [150/391] Time  1.025 ( 1.039)    Acc@1  75.78 ( 81.78)   Acc@5  96.09 ( 95.96)
    Test: [200/391] Time  1.025 ( 1.036)    Acc@1  73.44 ( 78.97)   Acc@5  92.19 ( 94.38)
    Test: [250/391] Time  1.025 ( 1.034)    Acc@1  82.03 ( 77.54)   Acc@5  89.06 ( 93.57)
    Test: [300/391] Time  1.027 ( 1.032)    Acc@1  78.91 ( 76.49)   Acc@5  92.97 ( 92.98)
    Test: [350/391] Time  1.025 ( 1.031)    Acc@1  67.97 ( 75.61)   Acc@5  89.06 ( 92.55)
    * Prec@1 75.508 Prec@5 92.568
    Time: 430.76